[    0.000000] Linux version 4.15.0-202-generic (buildd@lcy02-amd64-115) (gcc version 7.5.0 (Ubuntu 7.5.0-3ubuntu1~18.04)) #213-Ubuntu SMP Thu Jan 5 19:19:12 UTC 2023 (Ubuntu 4.15.0-202.213-generic 4.15.18)
[    0.000000] Command line: BOOT_IMAGE=/boot/vmlinuz-4.15.0-202-generic root=LABEL=cloudimg-rootfs ro console=tty1 console=ttyS0
[    0.000000] KERNEL supported cpus:
[    0.000000]   Intel GenuineIntel
[    0.000000]   AMD AuthenticAMD
[    0.000000]   Centaur CentaurHauls
[    0.000000] x86/fpu: Supporting XSAVE feature 0x001: 'x87 floating point registers'
[    0.000000] x86/fpu: Supporting XSAVE feature 0x002: 'SSE registers'
[    0.000000] x86/fpu: Supporting XSAVE feature 0x004: 'AVX registers'
[    0.000000] x86/fpu: xstate_offset[2]:  576, xstate_sizes[2]:  256
[    0.000000] x86/fpu: Enabled xstate features 0x7, context size is 832 bytes, using 'standard' format.
[    0.000000] e820: BIOS-provided physical RAM map:
[    0.000000] BIOS-e820: [mem 0x0000000000000000-0x000000000009fbff] usable
[    0.000000] BIOS-e820: [mem 0x000000000009fc00-0x000000000009ffff] reserved
[    0.000000] BIOS-e820: [mem 0x00000000000f0000-0x00000000000fffff] reserved
[    0.000000] BIOS-e820: [mem 0x0000000000100000-0x000000003ffeffff] usable
[    0.000000] BIOS-e820: [mem 0x000000003fff0000-0x000000003fffffff] ACPI data
[    0.000000] BIOS-e820: [mem 0x00000000fec00000-0x00000000fec00fff] reserved
[    0.000000] BIOS-e820: [mem 0x00000000fee00000-0x00000000fee00fff] reserved
[    0.000000] BIOS-e820: [mem 0x00000000fffc0000-0x00000000ffffffff] reserved
[    0.000000] NX (Execute Disable) protection: active
[    0.000000] SMBIOS 2.5 present.
[    0.000000] DMI: innotek GmbH VirtualBox/VirtualBox, BIOS VirtualBox 12/01/2006
[    0.000000] Hypervisor detected: KVM
[    0.000000] e820: last_pfn = 0x3fff0 max_arch_pfn = 0x400000000
[    0.000000] MTRR: Disabled
[    0.000000] x86/PAT: MTRRs disabled, skipping PAT initialization too.
[    0.000000] CPU MTRRs all blank - virtualized system.
[    0.000000] x86/PAT: Configuration [0-7]: WB  WT  UC- UC  WB  WT  UC- UC  
[    0.000000] found SMP MP-table at [mem 0x0009fff0-0x0009ffff]
[    0.000000] Scanning 1 areas for low memory corruption
[    0.000000] RAMDISK: [mem 0x3580d000-0x36bfdfff]
[    0.000000] ACPI: Early table checksum verification disabled
[    0.000000] ACPI: RSDP 0x00000000000E0000 000024 (v02 VBOX  )
[    0.000000] ACPI: XSDT 0x000000003FFF0030 00003C (v01 VBOX   VBOXXSDT 00000001 ASL  00000061)
[    0.000000] ACPI: FACP 0x000000003FFF00F0 0000F4 (v04 VBOX   VBOXFACP 00000001 ASL  00000061)
[    0.000000] ACPI: DSDT 0x000000003FFF0610 002353 (v02 VBOX   VBOXBIOS 00000002 INTL 20200925)
[    0.000000] ACPI: FACS 0x000000003FFF0200 000040
[    0.000000] ACPI: FACS 0x000000003FFF0200 000040
[    0.000000] ACPI: APIC 0x000000003FFF0240 00005C (v02 VBOX   VBOXAPIC 00000001 ASL  00000061)
[    0.000000] ACPI: SSDT 0x000000003FFF02A0 00036C (v01 VBOX   VBOXCPUT 00000002 INTL 20200925)
[    0.000000] ACPI: Reserving FACP table memory at [mem 0x3fff00f0-0x3fff01e3]
[    0.000000] ACPI: Reserving DSDT table memory at [mem 0x3fff0610-0x3fff2962]
[    0.000000] ACPI: Reserving FACS table memory at [mem 0x3fff0200-0x3fff023f]
[    0.000000] ACPI: Reserving FACS table memory at [mem 0x3fff0200-0x3fff023f]
[    0.000000] ACPI: Reserving APIC table memory at [mem 0x3fff0240-0x3fff029b]
[    0.000000] ACPI: Reserving SSDT table memory at [mem 0x3fff02a0-0x3fff060b]
[    0.000000] No NUMA configuration found
[    0.000000] Faking a node at [mem 0x0000000000000000-0x000000003ffeffff]
[    0.000000] NODE_DATA(0) allocated [mem 0x3ffc5000-0x3ffeffff]
[    0.000000] kvm-clock: cpu 0, msr 0:3ff44001, primary cpu clock
[    0.000000] kvm-clock: Using msrs 4b564d01 and 4b564d00
[    0.000000] kvm-clock: using sched offset of 3449833582 cycles
[    0.000000] clocksource: kvm-clock: mask: 0xffffffffffffffff max_cycles: 0x1cd42e4dffb, max_idle_ns: 881590591483 ns
[    0.000000] Zone ranges:
[    0.000000]   DMA      [mem 0x0000000000001000-0x0000000000ffffff]
[    0.000000]   DMA32    [mem 0x0000000001000000-0x000000003ffeffff]
[    0.000000]   Normal   empty
[    0.000000]   Device   empty
[    0.000000] Movable zone start for each node
[    0.000000] Early memory node ranges
[    0.000000]   node   0: [mem 0x0000000000001000-0x000000000009efff]
[    0.000000]   node   0: [mem 0x0000000000100000-0x000000003ffeffff]
[    0.000000] Reserved but unavailable: 104 pages
[    0.000000] Initmem setup node 0 [mem 0x0000000000001000-0x000000003ffeffff]
[    0.000000] ACPI: PM-Timer IO Port: 0x4008
[    0.000000] IOAPIC[0]: apic_id 2, version 32, address 0xfec00000, GSI 0-23
[    0.000000] ACPI: INT_SRC_OVR (bus 0 bus_irq 0 global_irq 2 dfl dfl)
[    0.000000] ACPI: INT_SRC_OVR (bus 0 bus_irq 9 global_irq 9 low level)
[    0.000000] Using ACPI (MADT) for SMP configuration information
[    0.000000] smpboot: Allowing 2 CPUs, 0 hotplug CPUs
[    0.000000] PM: Registered nosave memory: [mem 0x00000000-0x00000fff]
[    0.000000] PM: Registered nosave memory: [mem 0x0009f000-0x0009ffff]
[    0.000000] PM: Registered nosave memory: [mem 0x000a0000-0x000effff]
[    0.000000] PM: Registered nosave memory: [mem 0x000f0000-0x000fffff]
[    0.000000] e820: [mem 0x40000000-0xfebfffff] available for PCI devices
[    0.000000] Booting paravirtualized kernel on KVM
[    0.000000] clocksource: refined-jiffies: mask: 0xffffffff max_cycles: 0xffffffff, max_idle_ns: 7645519600211568 ns
[    0.000000] setup_percpu: NR_CPUS:8192 nr_cpumask_bits:2 nr_cpu_ids:2 nr_node_ids:1
[    0.000000] percpu: Embedded 50 pages/cpu s167936 r8192 d28672 u1048576
[    0.000000] PV qspinlock hash table entries: 256 (order: 0, 4096 bytes)
[    0.000000] Built 1 zonelists, mobility grouping on.  Total pages: 257913
[    0.000000] Policy zone: DMA32
[    0.000000] Kernel command line: BOOT_IMAGE=/boot/vmlinuz-4.15.0-202-generic root=LABEL=cloudimg-rootfs ro console=tty1 console=ttyS0
[    0.000000] Memory: 981760K/1048120K available (12300K kernel code, 2477K rwdata, 4320K rodata, 2472K init, 2720K bss, 66360K reserved, 0K cma-reserved)
[    0.000000] SLUB: HWalign=64, Order=0-3, MinObjects=0, CPUs=2, Nodes=1
[    0.000000] Kernel/User page tables isolation: enabled
[    0.000000] ftrace: allocating 39478 entries in 155 pages
[    0.004000] Hierarchical RCU implementation.
[    0.004000] 	RCU restricting CPUs from NR_CPUS=8192 to nr_cpu_ids=2.
[    0.004000] 	Tasks RCU enabled.
[    0.004000] RCU: Adjusting geometry for rcu_fanout_leaf=16, nr_cpu_ids=2
[    0.004000] NR_IRQS: 524544, nr_irqs: 440, preallocated irqs: 16
[    0.004000] random: crng init done
[    0.004000] Console: colour VGA+ 80x25
[    0.004000] console [tty1] enabled
[    0.004000] console [ttyS0] enabled
[    0.004000] ACPI: Core revision 20170831
[    0.004000] ACPI: 2 ACPI AML tables successfully acquired and loaded
[    0.004000] APIC: Switch to symmetric I/O mode setup
[    0.004000] x2apic enabled
[    0.004000] Switched APIC routing to physical x2apic.
[    0.004000] ..TIMER: vector=0x30 apic1=0 pin1=2 apic2=-1 pin2=-1
[    0.004000] tsc: Detected 2194.882 MHz processor
[    0.004000] Calibrating delay loop (skipped) preset value.. 4389.76 BogoMIPS (lpj=8779528)
[    0.004000] pid_max: default: 32768 minimum: 301
[    0.004000] Security Framework initialized
[    0.004000] Yama: becoming mindful.
[    0.004000] AppArmor: AppArmor initialized
[    0.004000] Dentry cache hash table entries: 131072 (order: 8, 1048576 bytes)
[    0.004000] Inode-cache hash table entries: 65536 (order: 7, 524288 bytes)
[    0.004000] Mount-cache hash table entries: 2048 (order: 2, 16384 bytes)
[    0.004018] Mountpoint-cache hash table entries: 2048 (order: 2, 16384 bytes)
[    0.008321] Last level iTLB entries: 4KB 1024, 2MB 1024, 4MB 1024
[    0.009334] Last level dTLB entries: 4KB 1024, 2MB 1024, 4MB 1024, 1GB 4
[    0.010461] Spectre V1 : Mitigation: usercopy/swapgs barriers and __user pointer sanitization
[    0.012008] Spectre V2 : Mitigation: Retpolines
[    0.012922] Spectre V2 : Spectre v2 / SpectreRSB mitigation: Filling RSB on context switch
[    0.016003] Speculative Store Bypass: Vulnerable
[    0.016768] MDS: Mitigation: Clear CPU buffers
[    0.017444] MMIO Stale Data: Unknown: No mitigations
[    0.020003] SRBDS: Unknown: Dependent on hypervisor status
[    0.021000] Freeing SMP alternatives memory: 36K
[    0.148111] APIC calibration not consistent with PM-Timer: 102ms instead of 100ms
[    0.149298] APIC delta adjusted to PM-Timer: 6365613 (6508005)
[    0.150179] smpboot: CPU0: Intel(R) Core(TM) i7-4702MQ CPU @ 2.20GHz (family: 0x6, model: 0x3c, stepping: 0x3)
[    0.151600] Performance Events: unsupported p6 CPU model 60 no PMU driver, software events only.
[    0.152000] Hierarchical SRCU implementation.
[    0.152000] NMI watchdog: Perf event create on CPU 0 failed with -2
[    0.152002] NMI watchdog: Perf NMI watchdog permanently disabled
[    0.152910] smp: Bringing up secondary CPUs ...
[    0.153715] x86: Booting SMP configuration:
[    0.154467] .... node  #0, CPUs:      #1
[    0.004000] kvm-clock: cpu 1, msr 0:3ff44041, secondary cpu clock
[    0.158503] smp: Brought up 1 node, 2 CPUs
[    0.158503] smpboot: Max logical packages: 1
[    0.158503] smpboot: Total of 2 processors activated (8779.52 BogoMIPS)
[    0.160146] devtmpfs: initialized
[    0.160573] x86/mm: Memory block size: 128MB
[    0.161304] evm: security.selinux
[    0.161849] evm: security.SMACK64
[    0.162323] evm: security.SMACK64EXEC
[    0.162838] evm: security.SMACK64TRANSMUTE
[    0.164003] evm: security.SMACK64MMAP
[    0.164511] evm: security.apparmor
[    0.165032] evm: security.ima
[    0.165477] evm: security.capability
[    0.166038] clocksource: jiffies: mask: 0xffffffff max_cycles: 0xffffffff, max_idle_ns: 7645041785100000 ns
[    0.166038] futex hash table entries: 512 (order: 3, 32768 bytes)
[    0.168040] pinctrl core: initialized pinctrl subsystem
[    0.170382] RTC time:  3:59:06, date: 01/15/23
[    0.171210] NET: Registered protocol family 16
[    0.172075] audit: initializing netlink subsys (disabled)
[    0.172877] audit: type=2000 audit(1673755151.310:1): state=initialized audit_enabled=0 res=1
[    0.173321] cpuidle: using governor ladder
[    0.173321] cpuidle: using governor menu
[    0.173321] ACPI: bus type PCI registered
[    0.176005] acpiphp: ACPI Hot Plug PCI Controller Driver version: 0.5
[    0.176965] PCI: Using configuration type 1 for base access
[    0.177803] HugeTLB registered 2.00 MiB page size, pre-allocated 0 pages
[    0.180059] ACPI: Added _OSI(Module Device)
[    0.180720] ACPI: Added _OSI(Processor Device)
[    0.181415] ACPI: Added _OSI(3.0 _SCP Extensions)
[    0.182126] ACPI: Added _OSI(Processor Aggregator Device)
[    0.182867] ACPI: Added _OSI(Linux-Dell-Video)
[    0.183501] ACPI: Added _OSI(Linux-Lenovo-NV-HDMI-Audio)
[    0.184003] ACPI: Added _OSI(Linux-HPI-Hybrid-Graphics)
[    0.185021] ACPI: Executed 1 blocks of module-level executable AML code
[    0.190171] ACPI: Interpreter enabled
[    0.190874] ACPI: (supports S0 S5)
[    0.191570] ACPI: Using IOAPIC for interrupt routing
[    0.192240] PCI: Using host bridge windows from ACPI; if necessary, use "pci=nocrs" and report a bug
[    0.193700] ACPI: Enabled 2 GPEs in block 00 to 07
[    0.199933] ACPI: PCI Root Bridge [PCI0] (domain 0000 [bus 00-ff])
[    0.200007] acpi PNP0A03:00: _OSC: OS supports [ASPM ClockPM Segments MSI]
[    0.201383] acpi PNP0A03:00: _OSC: not requesting OS control; OS requires [ExtendedConfig ASPM ClockPM MSI]
[    0.202706] acpi PNP0A03:00: fail to add MMCONFIG information, can't access extended PCI configuration space under this bridge.
[    0.204316] PCI host bridge to bus 0000:00
[    0.204953] pci_bus 0000:00: root bus resource [io  0x0000-0x0cf7 window]
[    0.206691] pci_bus 0000:00: root bus resource [io  0x0d00-0xffff window]
[    0.208003] pci_bus 0000:00: root bus resource [mem 0x000a0000-0x000bffff window]
[    0.209035] pci_bus 0000:00: root bus resource [mem 0x40000000-0xfdffffff window]
[    0.210151] pci_bus 0000:00: root bus resource [bus 00-ff]
[    0.212446] pci 0000:00:01.1: legacy IDE quirk: reg 0x10: [io  0x01f0-0x01f7]
[    0.213434] pci 0000:00:01.1: legacy IDE quirk: reg 0x14: [io  0x03f6]
[    0.214317] pci 0000:00:01.1: legacy IDE quirk: reg 0x18: [io  0x0170-0x0177]
[    0.215281] pci 0000:00:01.1: legacy IDE quirk: reg 0x1c: [io  0x0376]
[    0.234257] pci 0000:00:07.0: quirk: [io  0x4000-0x403f] claimed by PIIX4 ACPI
[    0.235390] pci 0000:00:07.0: quirk: [io  0x4100-0x410f] claimed by PIIX4 SMB
[    0.249416] ACPI: PCI Interrupt Link [LNKA] (IRQs 5 9 10 *11)
[    0.250574] ACPI: PCI Interrupt Link [LNKB] (IRQs 5 9 *10 11)
[    0.251450] ACPI: PCI Interrupt Link [LNKC] (IRQs 5 *9 10 11)
[    0.252096] ACPI: PCI Interrupt Link [LNKD] (IRQs 5 9 10 *11)
[    0.253304] SCSI subsystem initialized
[    0.253935] pci 0000:00:02.0: vgaarb: setting as boot VGA device
[    0.253935] pci 0000:00:02.0: vgaarb: VGA device added: decodes=io+mem,owns=io+mem,locks=none
[    0.256021] pci 0000:00:02.0: vgaarb: bridge control possible
[    0.257189] vgaarb: loaded
[    0.257731] ACPI: bus type USB registered
[    0.258369] usbcore: registered new interface driver usbfs
[    0.259180] usbcore: registered new interface driver hub
[    0.260015] usbcore: registered new device driver usb
[    0.260847] EDAC MC: Ver: 3.0.0
[    0.260847] PCI: Using ACPI for IRQ routing
[    0.260914] NetLabel: Initializing
[    0.261515] NetLabel:  domain hash size = 128
[    0.264007] NetLabel:  protocols = UNLABELED CIPSOv4 CALIPSO
[    0.264810] NetLabel:  unlabeled traffic allowed by default
[    0.265579] clocksource: Switched to clocksource kvm-clock
[    0.278640] VFS: Disk quotas dquot_6.6.0
[    0.279277] VFS: Dquot-cache hash table entries: 512 (order 0, 4096 bytes)
[    0.280283] AppArmor: AppArmor Filesystem Enabled
[    0.280977] pnp: PnP ACPI init
[    0.280977] pnp: PnP ACPI: found 3 devices
[    0.290823] clocksource: acpi_pm: mask: 0xffffff max_cycles: 0xffffff, max_idle_ns: 2085701024 ns
[    0.292222] NET: Registered protocol family 2
[    0.292419] IP idents hash table entries: 16384 (order: 5, 131072 bytes)
[    0.295724] TCP established hash table entries: 8192 (order: 4, 65536 bytes)
[    0.296843] TCP bind hash table entries: 8192 (order: 5, 131072 bytes)
[    0.297829] TCP: Hash tables configured (established 8192 bind 8192)
[    0.298781] UDP hash table entries: 512 (order: 2, 16384 bytes)
[    0.299667] UDP-Lite hash table entries: 512 (order: 2, 16384 bytes)
[    0.300552] NET: Registered protocol family 1
[    0.300797] pci 0000:00:00.0: Limiting direct PCI/PCI transfers
[    0.300797] pci 0000:00:01.0: Activating ISA DMA hang workarounds
[    0.300797] pci 0000:00:02.0: Video device with shadowed ROM at [mem 0x000c0000-0x000dffff]
[    0.300797] Unpacking initramfs...
[    0.762579] Freeing initrd memory: 20420K
[    0.763405] clocksource: tsc: mask: 0xffffffffffffffff max_cycles: 0x1fa3500a0fc, max_idle_ns: 440795307198 ns
[    0.764139] platform rtc_cmos: registered platform RTC device (no PNP device found)
[    0.764139] Scanning for low memory corruption every 60 seconds
[    0.767487] Initialise system trusted keyrings
[    0.768238] Key type blacklist registered
[    0.768974] workingset: timestamp_bits=36 max_order=18 bucket_order=0
[    0.770878] zbud: loaded
[    0.772066] squashfs: version 4.0 (2009/01/31) Phillip Lougher
[    0.773221] fuse init (API version 7.26)
[    0.775947] Key type asymmetric registered
[    0.776655] Asymmetric key parser 'x509' registered
[    0.777429] Block layer SCSI generic (bsg) driver version 0.4 loaded (major 246)
[    0.778652] io scheduler noop registered
[    0.779210] io scheduler deadline registered
[    0.779833] io scheduler cfq registered (default)
[    0.780808] ACPI: AC Adapter [AC] (on-line)
[    0.781461] input: Power Button as /devices/LNXSYSTM:00/LNXPWRBN:00/input/input0
[    0.782574] ACPI: Power Button [PWRF]
[    0.783176] input: Sleep Button as /devices/LNXSYSTM:00/LNXSLPBN:00/input/input1
[    0.784197] ACPI: Sleep Button [SLPF]
[    0.785565] ACPI: Battery Slot [BAT0] (battery present)
[    0.786526] Serial: 8250/16550 driver, 32 ports, IRQ sharing enabled
[    0.808080] 00:02: ttyS0 at I/O 0x3f8 (irq = 4, base_baud = 115200) is a 16550A
[    0.811527] Linux agpgart interface v0.103
[    0.813289] loop: module loaded
[    0.814271] scsi host0: ata_piix
[    0.814928] scsi host1: ata_piix
[    0.815433] ata1: PATA max UDMA/33 cmd 0x1f0 ctl 0x3f6 bmdma 0xd000 irq 14
[    0.816422] ata2: PATA max UDMA/33 cmd 0x170 ctl 0x376 bmdma 0xd008 irq 15
[    0.817497] tun: Universal TUN/TAP device driver, 1.6
[    0.818378] PPP generic driver version 2.4.2
[    0.819133] ehci_hcd: USB 2.0 'Enhanced' Host Controller (EHCI) Driver
[    0.820069] ehci-pci: EHCI PCI platform driver
[    0.820815] ehci-platform: EHCI generic platform driver
[    0.821577] ohci_hcd: USB 1.1 'Open' Host Controller (OHCI) Driver
[    0.822471] ohci-pci: OHCI PCI platform driver
[    0.823103] ohci-platform: OHCI generic platform driver
[    0.823815] uhci_hcd: USB Universal Host Controller Interface driver
[    0.824756] i8042: PNP: PS/2 Controller [PNP0303:PS2K,PNP0f03:PS2M] at 0x60,0x64 irq 1,12
[    0.826269] serio: i8042 KBD port at 0x60,0x64 irq 1
[    0.827020] serio: i8042 AUX port at 0x60,0x64 irq 12
[    0.827899] mousedev: PS/2 mouse device common for all mice
[    0.829217] input: AT Translated Set 2 keyboard as /devices/platform/i8042/serio0/input/input2
[    0.830644] rtc_cmos rtc_cmos: rtc core: registered rtc_cmos as rtc0
[    0.831622] rtc_cmos rtc_cmos: alarms up to one day, 114 bytes nvram
[    0.832525] i2c /dev entries driver
[    0.833109] device-mapper: uevent: version 1.0.3
[    0.833873] device-mapper: ioctl: 4.37.0-ioctl (2017-09-20) initialised: dm-devel@redhat.com
[    0.835124] ledtrig-cpu: registered to indicate activity on CPUs
[    0.836398] NET: Registered protocol family 10
[    0.841953] Segment Routing with IPv6
[    0.842626] NET: Registered protocol family 17
[    0.843399] Key type dns_resolver registered
[    0.844384] mce: Using 0 MCE banks
[    0.844951] RAS: Correctable Errors collector initialized.
[    0.845699] sched_clock: Marking stable (844354080, 0)->(1128423970, -284069890)
[    0.847233] registered taskstats version 1
[    0.847937] Loading compiled-in X.509 certificates
[    0.851418] Loaded X.509 cert 'Build time autogenerated kernel key: f114f3958ed3c37ba1924ca66ae8368f3c35b0e4'
[    0.853581] Loaded X.509 cert 'Canonical Ltd. Live Patch Signing: 14df34d1a87cf37625abec039ef2bf521249b969'
[    0.855734] Loaded X.509 cert 'Canonical Ltd. Kernel Module Signing: 88f752e560a1e0737e31163a466ad7b70a850c19'
[    0.857117] blacklist: Loading compiled-in revocation X.509 certificates
[    0.858078] Loaded X.509 cert 'Canonical Ltd. Secure Boot Signing: 61482aa2830d0ab2ad5af10b7250da9033ddcef0'
[    0.859406] zswap: loaded using pool lzo/zbud
[    0.863380] Key type big_key registered
[    0.864009] Key type trusted registered
[    0.866358] Key type encrypted registered
[    0.867091] AppArmor: AppArmor sha1 policy hashing enabled
[    0.867937] ima: No TPM chip found, activating TPM-bypass! (rc=-19)
[    0.868822] ima: Allocated hash algorithm: sha1
[    0.869490] evm: HMAC attrs: 0x1
[    0.870197]   Magic number: 7:852:967
[    0.870914] rtc_cmos rtc_cmos: setting system clock to 2023-01-15 03:59:07 UTC (1673755147)
[    0.872150] BIOS EDD facility v0.16 2004-Jun-25, 0 devices found
[    0.872983] EDD information not available.
[    1.019466] Freeing unused kernel image memory: 2472K
[    1.141421] Write protecting the kernel read-only data: 20480k
[    1.143399] Freeing unused kernel image memory: 2008K
[    1.144658] Freeing unused kernel image memory: 1824K
[    1.151333] x86/mm: Checked W+X mappings: passed, no W+X pages found.
[    1.152235] x86/mm: Checking user space page tables
[    1.159871] x86/mm: Checked W+X mappings: passed, no W+X pages found.
Loading, please wait...
starting version 237
[    1.247423] Fusion MPT base driver 3.04.20
[    1.248232] Copyright (c) 1999-2008 LSI Corporation
[    1.249311] e1000: Intel(R) PRO/1000 Network Driver - version 7.3.21-k8-NAPI
[    1.250473] e1000: Copyright (c) 1999-2006 Intel Corporation.
[    1.261423] Fusion MPT SPI Host driver 3.04.20
[    1.262397] AVX2 version of gcm_enc/dec engaged.
[    1.263129] AES CTR mode by8 optimization enabled
[    1.285358] vboxvideo: loading out-of-tree module taints kernel.
[    1.287052] vboxvideo: module verification failed: signature and/or required key missing - tainting kernel
[    1.289108] vboxvideo: loading version 7.0.4 r154605
[    1.449311] input: ImExPS/2 Generic Explorer Mouse as /devices/platform/i8042/serio1/input/input4
[    1.620395] e1000 0000:00:03.0 eth0: (PCI:33MHz:32-bit) 02:b0:55:75:d1:60
[    1.621638] e1000 0000:00:03.0 eth0: Intel(R) PRO/1000 Network Connection
[    1.980612] e1000 0000:00:08.0 eth1: (PCI:33MHz:32-bit) 08:00:27:45:52:4d
[    1.981639] e1000 0000:00:08.0 eth1: Intel(R) PRO/1000 Network Connection
[    1.983611] e1000 0000:00:03.0 enp0s3: renamed from eth0
[    1.988176] mptbase: ioc0: Initiating bringup
[    2.004575] e1000 0000:00:08.0 enp0s8: renamed from eth1
[    2.766346] ioc0: LSI53C1030 A0: Capabilities={Initiator}
[    5.279232] scsi host2: ioc0: LSI53C1030 A0, FwRev=00000000h, Ports=1, MaxQ=256, IRQ=20
[    9.199664] scsi 2:0:0:0: Direct-Access     VBOX     HARDDISK         1.0  PQ: 0 ANSI: 5
[    9.201814] [drm] VRAM 01000000
[    9.202498] [TTM] Zone  kernel: Available graphics memory: 504260 kiB
[    9.203395] [TTM] Initializing pool allocator
[    9.204903] [TTM] Initializing DMA pool allocator
[    9.207007] fbcon: vboxdrmfb (fb0) is primary device
[    9.208647] Console: switching to colour frame buffer device 100x37
[    9.210543] vboxvideo 0000:00:02.0: fb0: vboxdrmfb frame buffer device
[   10.255018] scsi target2:0:0: Beginning Domain Validation
[   10.255180] [drm] Initialized vboxvideo 1.0.0 20130823 for 0000:00:02.0 on minor 0
[   10.267237] scsi target2:0:0: Domain Validation skipping write tests
[   10.270257] scsi target2:0:0: Ending Domain Validation
[   10.273125] scsi target2:0:0: asynchronous
[   10.276995] scsi 2:0:1:0: Direct-Access     VBOX     HARDDISK         1.0  PQ: 0 ANSI: 5
[   10.316324] scsi target2:0:1: Beginning Domain Validation
[   10.325421] scsi target2:0:1: Domain Validation skipping write tests
[   10.327905] scsi target2:0:1: Ending Domain Validation
[   10.330336] scsi target2:0:1: asynchronous
[   10.347328] sd 2:0:0:0: Attached scsi generic sg0 type 0
[   10.351265] sd 2:0:0:0: [sda] 83886080 512-byte logical blocks: (42.9 GB/40.0 GiB)
[   10.355573] sd 2:0:0:0: [sda] Write Protect is off
[   10.359017] sd 2:0:1:0: Attached scsi generic sg1 type 0
[   10.359548] sd 2:0:0:0: [sda] Incomplete mode parameter data
[   10.364914] sd 2:0:0:0: [sda] Assuming drive cache: write through
[   10.368743] sd 2:0:1:0: [sdb] 20480 512-byte logical blocks: (10.5 MB/10.0 MiB)
[   10.372590]  sda: sda1
[   10.375140] sd 2:0:1:0: [sdb] Write Protect is off
[   10.375887] sd 2:0:0:0: [sda] Attached SCSI disk
[   10.377228] sd 2:0:1:0: [sdb] Incomplete mode parameter data
[   10.378126] sd 2:0:1:0: [sdb] Assuming drive cache: write through
[   10.383803] sd 2:0:1:0: [sdb] Attached SCSI disk
Begin: Loading essential drivers ... [   10.792204] raid6: sse2x1   gen()  6055 MB/s
[   10.840082] raid6: sse2x1   xor()  3918 MB/s
[   10.888225] raid6: sse2x2   gen()  8376 MB/s
[   10.936070] raid6: sse2x2   xor()  5290 MB/s
[   10.984079] raid6: sse2x4   gen()  7886 MB/s
[   11.032078] raid6: sse2x4   xor()  5284 MB/s
[   11.080169] raid6: avx2x1   gen() 12146 MB/s
[   11.128094] raid6: avx2x1   xor()  8344 MB/s
[   11.187104] raid6: avx2x2   gen() 13314 MB/s
[   11.237040] raid6: avx2x2   xor()  7717 MB/s
[   11.284857] raid6: avx2x4   gen() 15201 MB/s
[   11.332173] raid6: avx2x4   xor() 10103 MB/s
[   11.334582] raid6: using algorithm avx2x4 gen() 15201 MB/s
[   11.336778] raid6: .... xor() 10103 MB/s, rmw enabled
[   11.338696] raid6: using avx2x2 recovery algorithm
[   11.361021] xor: automatically using best checksumming function   avx       
[   11.384347] async_tx: api initialized (async)
done.
Begin: Running /scripts/init-premount ... done.
Begin: Mounting root file system ... Begin: Running /scripts/local-top ... done.
Begin: Running /scripts/local-premount ... [   11.499963] Btrfs loaded, crc32c=crc32c-intel
Scanning for Btrfs filesystems
done.
Begin: Will now check root file system ... fsck from util-linux 2.31.1
[/sbin/fsck.ext4 (1) -- /dev/sda1] fsck.ext4 -a -C0 /dev/sda1 
cloudimg-rootfs: recovering journal
cloudimg-rootfs: clean, 74335/5120000 files, 691452/10485499 blocks
done.
[   11.653408] EXT4-fs (sda1): mounted filesystem with ordered data mode. Opts: (null)
done.
Begin: Running /scripts/local-bottom ... done.
Begin: Running /scripts/init-bottom ... done.
[   11.896084] ip_tables: (C) 2000-2006 Netfilter Core Team
[   11.914391] systemd[1]: systemd 237 running in system mode. (+PAM +AUDIT +SELINUX +IMA +APPARMOR +SMACK +SYSVINIT +UTMP +LIBCRYPTSETUP +GCRYPT +GNUTLS +ACL +XZ +LZ4 +SECCOMP +BLKID +ELFUTILS +KMOD -IDN2 +IDN -PCRE2 default-hierarchy=hybrid)
[   11.920523] systemd[1]: Detected virtualization oracle.
[   11.922145] systemd[1]: Detected architecture x86-64.

Welcome to [1mUbuntu 18.04.6 LTS[0m!

[   11.931903] systemd[1]: Set hostname to <web01>.
[   12.274629] systemd[1]: Reached target Swap.
[[0;32m  OK  [0m] Reached target Swap.
[   12.276321] systemd[1]: Reached target User and Group Name Lookups.
[[0;32m  OK  [0m] Reached target User and Group Name Lookups.
[   12.278266] systemd[1]: Reached target System Time Synchronized.
[[0;32m  OK  [0m] Reached target System Time Synchronized.
[   12.282032] systemd[1]: Created slice User and Session Slice.
[[0;32m  OK  [0m] Created slice User and Session Slice.
[   12.283779] systemd[1]: Created slice System Slice.
[[0;32m  OK  [0m] Created slice System Slice.
[   12.296494] systemd[1]: Listening on /dev/initctl Compatibility Named Pipe.
[[0;32m  OK  [0m] Listening on /dev/initctl Compatibility Named Pipe.
[[0;32m  OK  [0m] Listening on Journal Audit Socket.
[[0;32m  OK  [0m] Listening on Device-mapper event daemon FIFOs.
[[0;32m  OK  [0m] Listening on udev Control Socket.
[[0;32m  OK  [0m] Created slice system-serial\x2dgetty.slice.
[[0;32m  OK  [0m] Listening on Journal Socket.
         Starting Uncomplicated firewall...
         Mounting POSIX Message Queue File System...
         Starting Set the console keyboard layout...
[[0;32m  OK  [0m] Listening on Network Service Netlink Socket.
[[0;32m  OK  [0m] Listening on LVM2 poll daemon socket.
[[0;32m  OK  [0m] Listening on LVM2 metadata daemon socket.
         Starting Monitoring of LVM2 mirrors…ng dmeventd or progress polling...
[[0;32m  OK  [0m] Listening on udev Kernel Socket.
         Starting udev Coldplug all Devices...
         Starting Create list of required st…ce nodes for the current kernel...
[[0;32m  OK  [0m] Listening on Syslog Socket.
         Starting Load Kernel Modules...
[[0;32m  OK  [0m] Listening on Journal Socket (/dev/log).
         Starting Journal Service...
[[0;32m  OK  [0m] Started Forward Password Requests to Wall Directory Watch.
         Mounting Huge Pages File System...
[[0;32m  OK  [0m] Reached target Slices.
[[0;32m  OK  [0m] Listening on fsck to fsckd communication Socket.
         Starting Remount Root and Kernel File Systems...
         Mounting Kernel Debug File System...
[[0;32m  OK  [0m] Set up automount Arbitrary Executab…rmats File System Automount Point.
[[0;32m  OK  [0m] Started Uncomplicated firewall.
[[0;32m  OK  [0m] Mounted POSIX Message Queue File System.
[[0;32m  OK  [0m] Started Create list of required sta…vice nodes for the current kernel.
[[0;32m  OK  [0m] Mounted Huge Pages File System.
[[0;32m  OK  [0m] Started Journal Service.
[   12.509189] EXT4-fs (sda1): re-mounted. Opts: (null)
[[0;32m  OK  [0m] Started Remount Root and Kernel File Systems.
[[0;32m  OK  [0m] Mounted Kernel Debug File System.
[[0;32m  OK  [0m] Started udev Coldplug all Devices.
[[0;32m  OK  [0m] Started LVM2 metadata daemon.
[   12.589573] Loading iSCSI transport class v2.0-870.
         Starting Load/Save Random Seed...
         Starting Flush Journal to Persistent Storage...
         Starting Create Static Device Nodes in /dev...
[[0;32m  OK  [0m] Started Load/Save Random Seed.
[   12.658422] iscsi: registered transport (tcp)
[   12.677907] systemd-journald[409]: Received request to flush runtime journal from PID 1
[[0;32m  OK  [0m] Started Set the console keyboard layout.
[[0;32m  OK  [0m] Started Create Static Device Nodes in /dev.
         Starting udev Kernel Device Manager...
[[0;32m  OK  [0m] Started udev Kernel Device Manager.
[[0;32m  OK  [0m] Started Dispatch Password Requests to Console Directory Watch.
[[0;32m  OK  [0m] Reached target Local Encrypted Volumes.
[   12.849704] iscsi: registered transport (iser)
[[0;32m  OK  [0m] Started Load Kernel Modules.
         Starting Apply Kernel Variables...
         Mounting FUSE Control File System...
         Mounting Kernel Configuration File System...
[[0;32m  OK  [0m] Started Monitoring of LVM2 mirrors,…sing dmeventd or progress polling.
[[0;32m  OK  [0m] Mounted FUSE Control File System.
[[0;32m  OK  [0m] Reached target Local File Systems (Pre).
[[0;32m  OK  [0m] Reached target Local File Systems.
         Starting Set console font and keymap...
         Starting AppArmor initialization...
         Starting ebtables ruleset management...
         Starting Tell Plymouth To Write Out Runtime Data...
[[0;32m  OK  [0m] Started Apply Kernel Variables.
[[0;32m  OK  [0m] Mounted Kernel Configuration File System.
[[0;32m  OK  [0m] Started Tell Plymouth To Write Out Runtime Data.
[[0;32m  OK  [0m] Started Set console font and keymap.
[[0;32m  OK  [0m] Started Flush Journal to Persistent Storage.
         Starting Create Volatile Files and Directories...
[[0;32m  OK  [0m] Started ebtables ruleset management.
[[0;32m  OK  [0m] Started Create Volatile Files and Directories.
         Starting Update UTMP about System Boot/Shutdown...
[[0;32m  OK  [0m] Started Update UTMP about System Boot/Shutdown.
[[0;32m  OK  [0m] Found device /dev/ttyS0.
[[0;32m  OK  [0m] Listening on Load/Save RF Kill Switch Status /dev/rfkill Watch.
[[0;32m  OK  [0m] Started AppArmor initialization.
         Starting Initial cloud-init job (pre-networking)...
         Starting Load AppArmor profiles managed internally by snapd...
         Mounting Arbitrary Executable File Formats File System...
[[0;32m  OK  [0m] Mounted Arbitrary Executable File Formats File System.
[[0;32m  OK  [0m] Started Load AppArmor profiles managed internally by snapd.
[   15.452484] cloud-init[558]: Cloud-init v. 22.4.2-0ubuntu0~18.04.1 running 'init-local' at Sun, 15 Jan 2023 03:59:21 +0000. Up 15.20 seconds.
[[0;32m  OK  [0m] Started Initial cloud-init job (pre-networking).
[[0;32m  OK  [0m] Reached target Network (Pre).
         Starting Network Service...
[[0;32m  OK  [0m] Started Network Service.
         Starting Network Name Resolution...
         Starting Wait for Network to be Configured...
[[0;32m  OK  [0m] Started Network Name Resolution.
[[0;32m  OK  [0m] Reached target Host and Network Name Lookups.
[[0;32m  OK  [0m] Reached target Network.
[[0;32m  OK  [0m] Started Wait for Network to be Configured.
         Starting Initial cloud-init job (metadata service crawler)...
[   18.017122] cloud-init[718]: Cloud-init v. 22.4.2-0ubuntu0~18.04.1 running 'init' at Sun, 15 Jan 2023 03:59:24 +0000. Up 17.77 seconds.
[   18.039444] cloud-init[718]: ci-info: ++++++++++++++++++++++++++++++++++++++Net device info+++++++++++++++++++++++++++++++++++++++
[   18.053695] cloud-init[718]: ci-info: +--------+------+-----------------------------+---------------+--------+-------------------+
[   18.062125] cloud-init[718]: ci-info: | Device |  Up  |           Address           |      Mask     | Scope  |     Hw-Address    |
[   18.071170] cloud-init[718]: ci-info: +--------+------+-----------------------------+---------------+--------+-------------------+
[   18.080557] cloud-init[718]: ci-info: | enp0s3 | True |          10.0.2.15          | 255.255.255.0 | global | 02:b0:55:75:d1:60 |
[   18.090495] cloud-init[718]: ci-info: | enp0s3 | True |  fe80::b0:55ff:fe75:d160/64 |       .       |  link  | 02:b0:55:75:d1:60 |
[   18.101320] cloud-init[718]: ci-info: | enp0s8 | True |        192.168.56.11        | 255.255.255.0 | global | 08:00:27:45:52:4d |
[   18.104768] cloud-init[718]: ci-info: | enp0s8 | True | fe80::a00:27ff:fe45:524d/64 |       .       |  link  | 08:00:27:45:52:4d |
[   18.108477] cloud-init[718]: ci-info: |   lo   | True |          127.0.0.1          |   255.0.0.0   |  host  |         .         |
[   18.120601] cloud-init[718]: ci-info: |   lo   | True |           ::1/128           |       .       |  host  |         .         |
[   18.124112] cloud-init[718]: ci-info: +--------+------+-----------------------------+---------------+--------+-------------------+
[   18.126832] cloud-init[718]: ci-info: +++++++++++++++++++++++++++++Route IPv4 info+++++++++++++++++++++++++++++
[   18.128954] cloud-init[718]: ci-info: +-------+--------------+----------+-----------------+-----------+-------+
[   18.130347] cloud-init[718]: ci-info: | Route | Destination  | Gateway  |     Genmask     | Interface | Flags |
[   18.131675] cloud-init[718]: ci-info: +-------+--------------+----------+-----------------+-----------+-------+
[   18.133099] cloud-init[718]: ci-info: |   0   |   0.0.0.0    | 10.0.2.2 |     0.0.0.0     |   enp0s3  |   UG  |
[   18.134335] cloud-init[718]: ci-info: |   1   |   10.0.2.0   | 0.0.0.0  |  255.255.255.0  |   enp0s3  |   U   |
[   18.135621] cloud-init[718]: ci-info: |   2   |   10.0.2.2   | 0.0.0.0  | 255.255.255.255 |   enp0s3  |   UH  |
[   18.136860] cloud-init[718]: ci-info: |   3   | 192.168.56.0 | 0.0.0.0  |  255.255.255.0  |   enp0s8  |   U   |
[   18.138185] cloud-init[718]: ci-info: +-------+--------------+----------+-----------------+-----------+-------+
[   18.139438] cloud-init[718]: ci-info: +++++++++++++++++++Route IPv6 info+++++++++++++++++++
[   18.140565] cloud-init[718]: ci-info: +-------+-------------+---------+-----------+-------+
[   18.141717] cloud-init[718]: ci-info: | Route | Destination | Gateway | Interface | Flags |
[   18.142863] cloud-init[718]: ci-info: +-------+-------------+---------+-----------+-------+
[   18.144020] cloud-init[718]: ci-info: |   1   |  fe80::/64  |    ::   |   enp0s8  |   U   |
[   18.145158] cloud-init[718]: ci-info: |   2   |  fe80::/64  |    ::   |   enp0s3  |   U   |
[   18.146284] cloud-init[718]: ci-info: |   4   |    local    |    ::   |   enp0s3  |   U   |
[   18.147359] cloud-init[718]: ci-info: |   5   |    local    |    ::   |   enp0s8  |   U   |
[   18.148467] cloud-init[718]: ci-info: |   6   |   ff00::/8  |    ::   |   enp0s8  |   U   |
[   18.149543] cloud-init[718]: ci-info: |   7   |   ff00::/8  |    ::   |   enp0s3  |   U   |
[   18.150633] cloud-init[718]: ci-info: +-------+-------------+---------+-----------+-------+
[[0;32m  OK  [0m] Started Initial cloud-init job (metadata service crawler).
[[0;32m  OK  [0m] Reached target Network is Online.
         Starting Availability of block devices...
[[0;32m  OK  [0m] Reached target Remote File Systems (Pre).
         Mounting /vagrant...
[[0;32m  OK  [0m] Reached target System Initialization.
[[0;32m  OK  [0m] Started Daily Cleanup of Temporary Directories.
[[0;32m  OK  [0m] Started Daily apt download activities.
[[0;32m  OK  [0m] Started Discard unused blocks once a week.
[[0;32m  OK  [0m] Listening on D-Bus System Message Bus Socket.
[[0;32m  OK  [0m] Started Message of the Day.
[[0;32m  OK  [0m] Listening on cloud-init hotplug hook socket.
         Starting Socket activation for snappy daemon.
[[0;32m  OK  [0m] Started Daily apt upgrade and clean activities.
[[0;32m  OK  [0m] Started ACPI Events Check.
[[0;32m  OK  [0m] Reached target Paths.
[[0;32m  OK  [0m] Started Ubuntu Advantage Timer for running repeated jobs.
[[0;32m  OK  [0m] Reached target Timers.
[[0;32m  OK  [0m] Listening on ACPID Listen Socket.
[[0;32m  OK  [0m] Listening on UUID daemon activation socket.
[[0;32m  OK  [0m] Listening on Open-iSCSI iscsid Socket.
         Starting LXD - unix socket.
[[0;32m  OK  [0m] Reached target Cloud-config availability.
[[0;32m  OK  [0m] Started Availability of block devices.
[[0;32m  OK  [0m] Listening on Socket activation for snappy daemon.
[[0;32m  OK  [0m] Listening on LXD - unix socket.
[[0;32m  OK  [0m] Reached target Sockets.
[[0;32m  OK  [0m] Reached target Basic System.
[[0;32m  OK  [0m] Started Deferred execution scheduler.
[[0;32m  OK  [0m] Started Regular background program processing daemon.
[[0;32m  OK  [0m] Started D-Bus System Message Bus.
         Starting vboxadd.service...
         Starting Dispatcher daemon for systemd-networkd...
         Starting Accounts Service...
         Starting LSB: Record successful boot for GRUB...
         Starting Login Service...
[[0;32m  OK  [0m] Started irqbalance daemon.
         Starting LXD - container startup/shutdown...
[[0;32m  OK  [0m] Reached target Login Prompts (Pre).
         Starting OpenBSD Secure Shell server...
         Starting Snap Daemon...
         Starting System Logging Service...
[[0;32m  OK  [0m] Started FUSE filesystem for LXC.
[[0;1;31mFAILED[0m] Failed to mount /vagrant.
See 'systemctl status vagrant.mount' for details.
[[0;1;33mDEPEND[0m] Dependency failed for Remote File Systems.
[[0;32m  OK  [0m] Started Login Service.
         Starting Authorization Manager...
[[0;32m  OK  [0m] Started Unattended Upgrades Shutdown.
         Starting LSB: automatic crash report generation...
         Starting Permit User Sessions...
[[0;32m  OK  [0m] Started System Logging Service.
[[0;32m  OK  [0m] Started Permit User Sessions.
         Starting Terminate Plymouth Boot Screen...
         Starting Hold until boot process finishes up...
[[0;32m  OK  [0m] Started Hold until boot process finishes up.
         Starting Set console scheme...
[[0;32m  OK  [0m] Started Serial Getty on ttyS0.
[[0;32m  OK  [0m] Started Terminate Plymouth Boot Screen.
[[0;32m  OK  [0m] Started OpenBSD Secure Shell server.
[[0;32m  OK  [0m] Started Authorization Manager.
[[0;32m  OK  [0m] Started Set console scheme.
[[0;32m  OK  [0m] Started Accounts Service.
[[0;32m  OK  [0m] Created slice system-getty.slice.
[[0;32m  OK  [0m] Started Getty on tty1.
[[0;32m  OK  [0m] Reached target Login Prompts.
[[0;32m  OK  [0m] Started LSB: automatic crash report generation.
[[0;32m  OK  [0m] Started LSB: Record successful boot for GRUB.
[[0;32m  OK  [0m] Started Dispatcher daemon for systemd-networkd.
[[0;32m  OK  [0m] Started LXD - container startup/shutdown.
[[0;32m  OK  [0m] Created slice User Slice of vagrant.
         Starting User Manager for UID 1000...
[[0;32m  OK  [0m] Started Session 1 of user vagrant.
[[0;32m  OK  [0m] Started User Manager for UID 1000.
[[0;32m  OK  [0m] Started Snap Daemon.
         Starting Wait until snapd is fully seeded...
         Starting Time & Date Service...
[[0;32m  OK  [0m] Started Time & Date Service.
[[0;32m  OK  [0m] Started Wait until snapd is fully seeded.
         Starting Apply the settings specified in cloud-config...
[   21.866932] cloud-init[1234]: Cloud-init v. 22.4.2-0ubuntu0~18.04.1 running 'modules:config' at Sun, 15 Jan 2023 03:59:28 +0000. Up 21.73 seconds.
[[0;32m  OK  [0m] Started Apply the settings specified in cloud-config.

Ubuntu 18.04.6 LTS web01 ttyS0

web01 login: [  178.235776] cloud-init[9594]: Cloud-init v. 22.4.2-0ubuntu0~18.04.1 running 'modules:final' at Sun, 15 Jan 2023 04:01:55 +0000. Up 169.22 seconds.
[  178.236361] cloud-init[9594]: Cloud-init v. 22.4.2-0ubuntu0~18.04.1 finished at Sun, 15 Jan 2023 04:02:04 +0000. Datasource DataSourceNoCloud [seed=/dev/sdb][dsmode=net].  Up 178.09 seconds
